
Medabots started.
Line: 0
Char at: 0 [=]
Char at: 1 [=]
Char at: 2 [=]
Char at: 3 [=]
Char at: 4 [=]
Char at: 5 [=]
Char at: 6 [=]
Char at: 7 [=]
Char at: 8 [=]
Char at: 9 [=]
Char at: 10 [=]
Char at: 11 [=]
Char at: 12 [=]
Char at: 13 [=]
Char at: 14 [=]
Char at: 15 [=]
Char at: 16 [=]
Char at: 17 [=]
Char at: 18 [=]
Char at: 19 [=]
Char at: 20 [=]
Char at: 21 [=]
Char at: 22 [=]
Char at: 23 [=]
Char at: 24 [=]
Char at: 25 [=]
Char at: 26 [=]
Char at: 27 [=]
Line: 1
Char at: 0 [
]
Char at: 1 [|]
Char at: 2 [@]
Found user at: 2
Char at: 3 [ ]
Char at: 4 [ ]
Char at: 5 [ ]
Char at: 6 [ ]
Char at: 7 [ ]
Char at: 8 [ ]
Char at: 9 [ ]
Char at: 10 [ ]
Char at: 11 [ ]
Char at: 12 [ ]
Char at: 13 [ ]
Char at: 14 [ ]
Char at: 15 [ ]
Char at: 16 [ ]
Char at: 17 [ ]
Char at: 18 [ ]
Char at: 19 [ ]
Char at: 20 [ ]
Char at: 21 [ ]
Char at: 22 [ ]
Char at: 23 [ ]
Char at: 24 [ ]
Char at: 25 [ ]
Char at: 26 [ ]
Char at: 27 [ ]
Char at: 28 [|]
Line: 2
Char at: 0 [
]
Char at: 1 [|]
Char at: 2 [ ]
Char at: 3 [ ]
Char at: 4 [ ]
Char at: 5 [ ]
Char at: 6 [ ]
Char at: 7 [ ]
Char at: 8 [ ]
Char at: 9 [ ]
Char at: 10 [ ]
Char at: 11 [ ]
Char at: 12 [ ]
Char at: 13 [ ]
Char at: 14 [ ]
Char at: 15 [ ]
Char at: 16 [ ]
Char at: 17 [ ]
Char at: 18 [ ]
Char at: 19 [ ]
Char at: 20 [ ]
Char at: 21 [ ]
Char at: 22 [ ]
Char at: 23 [ ]
Char at: 24 [ ]
Char at: 25 [ ]
Char at: 26 [ ]
Char at: 27 [ ]
Char at: 28 [|]
Line: 3
Char at: 0 [
]
Char at: 1 [|]
Char at: 2 [ ]
Char at: 3 [ ]
Char at: 4 [ ]
Char at: 5 [ ]
Char at: 6 [ ]
Char at: 7 [ ]
Char at: 8 [ ]
Char at: 9 [ ]
Char at: 10 [ ]
Char at: 11 [ ]
Char at: 12 [ ]
Char at: 13 [ ]
Char at: 14 [ ]
Char at: 15 [ ]
Char at: 16 [ ]
Char at: 17 [ ]
Char at: 18 [ ]
Char at: 19 [ ]
Char at: 20 [ ]
Char at: 21 [ ]
Char at: 22 [ ]
Char at: 23 [ ]
Char at: 24 [ ]
Char at: 25 [ ]
Char at: 26 [ ]
Char at: 27 [ ]
Char at: 28 [|]
Line: 4
Char at: 0 [
]
Char at: 1 [|]
Char at: 2 [ ]
Char at: 3 [ ]
Char at: 4 [ ]
Char at: 5 [ ]
Char at: 6 [ ]
Char at: 7 [ ]
Char at: 8 [ ]
Char at: 9 [ ]
Char at: 10 [ ]
Char at: 11 [ ]
Char at: 12 [ ]
Char at: 13 [ ]
Char at: 14 [ ]
Char at: 15 [ ]
Char at: 16 [ ]
Char at: 17 [ ]
Char at: 18 [ ]
Char at: 19 [ ]
Char at: 20 [ ]
Char at: 21 [ ]
Char at: 22 [ ]
Char at: 23 [ ]
Char at: 24 [ ]
Char at: 25 [ ]
Char at: 26 [ ]
Char at: 27 [ ]
Char at: 28 [|]
Line: 5
Char at: 0 [
]
Char at: 1 [|]
Char at: 2 [ ]
Char at: 3 [ ]
Char at: 4 [ ]
Char at: 5 [ ]
Char at: 6 [ ]
Char at: 7 [ ]
Char at: 8 [ ]
Char at: 9 [ ]
Char at: 10 [ ]
Char at: 11 [ ]
Char at: 12 [ ]
Char at: 13 [ ]
Char at: 14 [ ]
Char at: 15 [ ]
Char at: 16 [ ]
Char at: 17 [ ]
Char at: 18 [ ]
Char at: 19 [ ]
Char at: 20 [ ]
Char at: 21 [ ]
Char at: 22 [ ]
Char at: 23 [ ]
Char at: 24 [ ]
Char at: 25 [ ]
Char at: 26 [ ]
Char at: 27 [ ]
Char at: 28 [|]
Line: 6
Char at: 0 [
]
Char at: 1 [|]
Char at: 2 [ ]
Char at: 3 [ ]
Char at: 4 [ ]
Char at: 5 [ ]
Char at: 6 [ ]
Char at: 7 [ ]
Char at: 8 [ ]
Char at: 9 [ ]
Char at: 10 [ ]
Char at: 11 [ ]
Char at: 12 [ ]
Char at: 13 [ ]
Char at: 14 [ ]
Char at: 15 [ ]
Char at: 16 [ ]
Char at: 17 [ ]
Char at: 18 [ ]
Char at: 19 [ ]
Char at: 20 [ ]
Char at: 21 [ ]
Char at: 22 [ ]
Char at: 23 [ ]
Char at: 24 [ ]
Char at: 25 [ ]
Char at: 26 [ ]
Char at: 27 [ ]
Char at: 28 [|]
Line: 7
Char at: 0 [
]
Char at: 1 [|]
Char at: 2 [ ]
Char at: 3 [ ]
Char at: 4 [ ]
Char at: 5 [ ]
Char at: 6 [ ]
Char at: 7 [ ]
Char at: 8 [ ]
Char at: 9 [ ]
Char at: 10 [ ]
Char at: 11 [ ]
Char at: 12 [ ]
Char at: 13 [ ]
Char at: 14 [ ]
Char at: 15 [ ]
Char at: 16 [ ]
Char at: 17 [ ]
Char at: 18 [ ]
Char at: 19 [ ]
Char at: 20 [ ]
Char at: 21 [ ]
Char at: 22 [ ]
Char at: 23 [ ]
Char at: 24 [ ]
Char at: 25 [ ]
Char at: 26 [ ]
Char at: 27 [ ]
Char at: 28 [|]
Line: 8
Char at: 0 [
]
Char at: 1 [|]
Char at: 2 [ ]
Char at: 3 [ ]
Char at: 4 [ ]
Char at: 5 [ ]
Char at: 6 [ ]
Char at: 7 [ ]
Char at: 8 [ ]
Char at: 9 [ ]
Char at: 10 [ ]
Char at: 11 [ ]
Char at: 12 [ ]
Char at: 13 [ ]
Char at: 14 [ ]
Char at: 15 [ ]
Char at: 16 [ ]
Char at: 17 [ ]
Char at: 18 [ ]
Char at: 19 [ ]
Char at: 20 [ ]
Char at: 21 [ ]
Char at: 22 [ ]
Char at: 23 [ ]
Char at: 24 [ ]
Char at: 25 [ ]
Char at: 26 [ ]
Char at: 27 [ ]
Char at: 28 [|]
Line: 9
Char at: 0 [
]
Char at: 1 [|]
Char at: 2 [ ]
Char at: 3 [ ]
Char at: 4 [ ]
Char at: 5 [ ]
Char at: 6 [ ]
Char at: 7 [ ]
Char at: 8 [ ]
Char at: 9 [ ]
Char at: 10 [ ]
Char at: 11 [ ]
Char at: 12 [ ]
Char at: 13 [ ]
Char at: 14 [ ]
Char at: 15 [ ]
Char at: 16 [ ]
Char at: 17 [ ]
Char at: 18 [ ]
Char at: 19 [ ]
Char at: 20 [ ]
Char at: 21 [ ]
Char at: 22 [ ]
Char at: 23 [ ]
Char at: 24 [ ]
Char at: 25 [ ]
Char at: 26 [ ]
Char at: 27 [ ]
Char at: 28 [|]
Line: 10
Char at: 0 [
]
Char at: 1 [|]
Char at: 2 [ ]
Char at: 3 [ ]
Char at: 4 [ ]
Char at: 5 [ ]
Char at: 6 [ ]
Char at: 7 [ ]
Char at: 8 [ ]
Char at: 9 [ ]
Char at: 10 [ ]
Char at: 11 [ ]
Char at: 12 [ ]
Char at: 13 [ ]
Char at: 14 [ ]
Char at: 15 [ ]
Char at: 16 [ ]
Char at: 17 [ ]
Char at: 18 [ ]
Char at: 19 [ ]
Char at: 20 [ ]
Char at: 21 [ ]
Char at: 22 [ ]
Char at: 23 [ ]
Char at: 24 [ ]
Char at: 25 [ ]
Char at: 26 [ ]
Char at: 27 [ ]
Char at: 28 [|]
Line: 11
Char at: 0 [
]
Char at: 1 [=]
Char at: 2 [=]
Char at: 3 [=]
Char at: 4 [=]
Char at: 5 [=]
Char at: 6 [=]
Char at: 7 [=]
Char at: 8 [=]
Char at: 9 [=]
Char at: 10 [=]
Char at: 11 [=]
Char at: 12 [=]
Char at: 13 [=]
Char at: 14 [=]
Char at: 15 [=]
Char at: 16 [=]
Char at: 17 [=]
Char at: 18 [=]
Char at: 19 [=]
Char at: 20 [=]
Char at: 21 [=]
Char at: 22 [=]
Char at: 23 [=]
Char at: 24 [=]
Char at: 25 [=]
Char at: 26 [=]
Char at: 27 [=]
Char at: 28 [=]
Line: 12
Char at: 0 [
]

Medabots started.
Line: 0
Char at: 0 [=]
Char at: 1 [=]
Char at: 2 [=]
Char at: 3 [=]
Char at: 4 [=]
Char at: 5 [=]
Char at: 6 [=]
Char at: 7 [=]
Char at: 8 [=]
Char at: 9 [=]
Char at: 10 [=]
Char at: 11 [=]
Char at: 12 [=]
Char at: 13 [=]
Char at: 14 [=]
Char at: 15 [=]
Char at: 16 [=]
Char at: 17 [=]
Char at: 18 [=]
Char at: 19 [=]
Char at: 20 [=]
Char at: 21 [=]
Char at: 22 [=]
Char at: 23 [=]
Char at: 24 [=]
Char at: 25 [=]
Char at: 26 [=]
Char at: 27 [=]
Line: 1
Char at: 0 [
]
Char at: 1 [|]
Char at: 2 [@]
Found user at: 2
Char at: 3 [ ]
Char at: 4 [ ]
Char at: 5 [ ]
Char at: 6 [ ]
Char at: 7 [ ]
Char at: 8 [ ]
Char at: 9 [ ]
Char at: 10 [ ]
Char at: 11 [ ]
Char at: 12 [ ]
Char at: 13 [ ]
Char at: 14 [ ]
Char at: 15 [ ]
Char at: 16 [ ]
Char at: 17 [ ]
Char at: 18 [ ]
Char at: 19 [ ]
Char at: 20 [ ]
Char at: 21 [ ]
Char at: 22 [ ]
Char at: 23 [ ]
Char at: 24 [ ]
Char at: 25 [ ]
Char at: 26 [ ]
Char at: 27 [ ]
Char at: 28 [|]
Line: 2
Char at: 0 [
]
Char at: 1 [|]
Char at: 2 [ ]
Char at: 3 [ ]
Char at: 4 [ ]
Char at: 5 [ ]
Char at: 6 [ ]
Char at: 7 [ ]
Char at: 8 [ ]
Char at: 9 [ ]
Char at: 10 [ ]
Char at: 11 [ ]
Char at: 12 [ ]
Char at: 13 [ ]
Char at: 14 [ ]
Char at: 15 [ ]
Char at: 16 [ ]
Char at: 17 [ ]
Char at: 18 [ ]
Char at: 19 [ ]
Char at: 20 [ ]
Char at: 21 [ ]
Char at: 22 [ ]
Char at: 23 [ ]
Char at: 24 [ ]
Char at: 25 [ ]
Char at: 26 [ ]
Char at: 27 [ ]
Char at: 28 [|]
Line: 3
Char at: 0 [
]
Char at: 1 [|]
Char at: 2 [ ]
Char at: 3 [ ]
Char at: 4 [ ]
Char at: 5 [ ]
Char at: 6 [ ]
Char at: 7 [ ]
Char at: 8 [ ]
Char at: 9 [ ]
Char at: 10 [ ]
Char at: 11 [ ]
Char at: 12 [ ]
Char at: 13 [ ]
Char at: 14 [ ]
Char at: 15 [ ]
Char at: 16 [ ]
Char at: 17 [ ]
Char at: 18 [ ]
Char at: 19 [ ]
Char at: 20 [ ]
Char at: 21 [ ]
Char at: 22 [ ]
Char at: 23 [ ]
Char at: 24 [ ]
Char at: 25 [ ]
Char at: 26 [ ]
Char at: 27 [ ]
Char at: 28 [|]
Line: 4
Char at: 0 [
]
Char at: 1 [|]
Char at: 2 [ ]
Char at: 3 [ ]
Char at: 4 [ ]
Char at: 5 [ ]
Char at: 6 [ ]
Char at: 7 [ ]
Char at: 8 [ ]
Char at: 9 [ ]
Char at: 10 [ ]
Char at: 11 [ ]
Char at: 12 [ ]
Char at: 13 [ ]
Char at: 14 [ ]
Char at: 15 [ ]
Char at: 16 [ ]
Char at: 17 [ ]
Char at: 18 [ ]
Char at: 19 [ ]
Char at: 20 [ ]
Char at: 21 [ ]
Char at: 22 [ ]
Char at: 23 [ ]
Char at: 24 [ ]
Char at: 25 [ ]
Char at: 26 [ ]
Char at: 27 [ ]
Char at: 28 [|]
Line: 5
Char at: 0 [
]
Char at: 1 [|]
Char at: 2 [ ]
Char at: 3 [ ]
Char at: 4 [ ]
Char at: 5 [ ]
Char at: 6 [ ]
Char at: 7 [ ]
Char at: 8 [ ]
Char at: 9 [ ]
Char at: 10 [ ]
Char at: 11 [ ]
Char at: 12 [ ]
Char at: 13 [ ]
Char at: 14 [ ]
Char at: 15 [ ]
Char at: 16 [ ]
Char at: 17 [ ]
Char at: 18 [ ]
Char at: 19 [ ]
Char at: 20 [ ]
Char at: 21 [ ]
Char at: 22 [ ]
Char at: 23 [ ]
Char at: 24 [ ]
Char at: 25 [ ]
Char at: 26 [ ]
Char at: 27 [ ]
Char at: 28 [|]
Line: 6
Char at: 0 [
]
Char at: 1 [|]
Char at: 2 [ ]
Char at: 3 [ ]
Char at: 4 [ ]
Char at: 5 [ ]
Char at: 6 [ ]
Char at: 7 [ ]
Char at: 8 [ ]
Char at: 9 [ ]
Char at: 10 [ ]
Char at: 11 [ ]
Char at: 12 [ ]
Char at: 13 [ ]
Char at: 14 [ ]
Char at: 15 [ ]
Char at: 16 [ ]
Char at: 17 [ ]
Char at: 18 [ ]
Char at: 19 [ ]
Char at: 20 [ ]
Char at: 21 [ ]
Char at: 22 [ ]
Char at: 23 [ ]
Char at: 24 [ ]
Char at: 25 [ ]
Char at: 26 [ ]
Char at: 27 [ ]
Char at: 28 [|]
Line: 7
Char at: 0 [
]
Char at: 1 [|]
Char at: 2 [ ]
Char at: 3 [ ]
Char at: 4 [ ]
Char at: 5 [ ]
Char at: 6 [ ]
Char at: 7 [ ]
Char at: 8 [ ]
Char at: 9 [ ]
Char at: 10 [ ]
Char at: 11 [ ]
Char at: 12 [ ]
Char at: 13 [ ]
Char at: 14 [ ]
Char at: 15 [ ]
Char at: 16 [ ]
Char at: 17 [ ]
Char at: 18 [ ]
Char at: 19 [ ]
Char at: 20 [ ]
Char at: 21 [ ]
Char at: 22 [ ]
Char at: 23 [ ]
Char at: 24 [ ]
Char at: 25 [ ]
Char at: 26 [ ]
Char at: 27 [ ]
Char at: 28 [|]
Line: 8
Char at: 0 [
]
Char at: 1 [|]
Char at: 2 [ ]
Char at: 3 [ ]
Char at: 4 [ ]
Char at: 5 [ ]
Char at: 6 [ ]
Char at: 7 [ ]
Char at: 8 [ ]
Char at: 9 [ ]
Char at: 10 [ ]
Char at: 11 [ ]
Char at: 12 [ ]
Char at: 13 [ ]
Char at: 14 [ ]
Char at: 15 [ ]
Char at: 16 [ ]
Char at: 17 [ ]
Char at: 18 [ ]
Char at: 19 [ ]
Char at: 20 [ ]
Char at: 21 [ ]
Char at: 22 [ ]
Char at: 23 [ ]
Char at: 24 [ ]
Char at: 25 [ ]
Char at: 26 [ ]
Char at: 27 [ ]
Char at: 28 [|]
Line: 9
Char at: 0 [
]
Char at: 1 [|]
Char at: 2 [ ]
Char at: 3 [ ]
Char at: 4 [ ]
Char at: 5 [ ]
Char at: 6 [ ]
Char at: 7 [ ]
Char at: 8 [ ]
Char at: 9 [ ]
Char at: 10 [ ]
Char at: 11 [ ]
Char at: 12 [ ]
Char at: 13 [ ]
Char at: 14 [ ]
Char at: 15 [ ]
Char at: 16 [ ]
Char at: 17 [ ]
Char at: 18 [ ]
Char at: 19 [ ]
Char at: 20 [ ]
Char at: 21 [ ]
Char at: 22 [ ]
Char at: 23 [ ]
Char at: 24 [ ]
Char at: 25 [ ]
Char at: 26 [ ]
Char at: 27 [ ]
Char at: 28 [|]
Line: 10
Char at: 0 [
]
Char at: 1 [|]
Char at: 2 [ ]
Char at: 3 [ ]
Char at: 4 [ ]
Char at: 5 [ ]
Char at: 6 [ ]
Char at: 7 [ ]
Char at: 8 [ ]
Char at: 9 [ ]
Char at: 10 [ ]
Char at: 11 [ ]
Char at: 12 [ ]
Char at: 13 [ ]
Char at: 14 [ ]
Char at: 15 [ ]
Char at: 16 [ ]
Char at: 17 [ ]
Char at: 18 [ ]
Char at: 19 [ ]
Char at: 20 [ ]
Char at: 21 [ ]
Char at: 22 [ ]
Char at: 23 [ ]
Char at: 24 [ ]
Char at: 25 [ ]
Char at: 26 [ ]
Char at: 27 [ ]
Char at: 28 [|]
Line: 11
Char at: 0 [
]
Char at: 1 [=]
Char at: 2 [=]
Char at: 3 [=]
Char at: 4 [=]
Char at: 5 [=]
Char at: 6 [=]
Char at: 7 [=]
Char at: 8 [=]
Char at: 9 [=]
Char at: 10 [=]
Char at: 11 [=]
Char at: 12 [=]
Char at: 13 [=]
Char at: 14 [=]
Char at: 15 [=]
Char at: 16 [=]
Char at: 17 [=]
Char at: 18 [=]
Char at: 19 [=]
Char at: 20 [=]
Char at: 21 [=]
Char at: 22 [=]
Char at: 23 [=]
Char at: 24 [=]
Char at: 25 [=]
Char at: 26 [=]
Char at: 27 [=]
Char at: 28 [=]
Line: 12
Char at: 0 [
]

Medabots started.
Found user at: 2

Medabots started.
Found user at: 2

Medabots started.
Found user at: 2

Medabots started.
Found user at: 2

Medabots started.
Found user at: 2
0
1
2
0
1
2
1
0
2
0
1
0
1
0
1
0
1
2
1
2
0
2
1
0
1

Medabots started.
Found user at: 2
0

Medabots started.
Found user at: 2
0
1
0
1
2
0
1
2
1
2
0
1
2
1

Medabots started.
Found user at: 2
0
1
2
0
1
2
0
1
2
0
1
2
0
2
1
2
0
2
1
2
0
1
2
0
1
2
0
1
2
0
1
0
2
1
2
0
1
2
1
0
1
2
1
0
1
0
2
1
0
1
0
2
0
2
1
0
2
1
2
0
1
2
0
1
0
2
1
2
0
1
2
0
1
2
0
1
2
0
1
2

Medabots started.

Medabots started.

Medabots started.

Medabots started.
0
1
0
1
2
0
1
2
0
1
2
0
1

Medabots started.
0
1
2
0
1
2
0
1
2
0
1

Medabots started.

Medabots started.

Medabots started.

Medabots started.

Medabots started.

Medabots started.

Medabots started.

Medabots started.

Medabots started.

Medabots started.

Medabots started.

Medabots started.

Medabots started.

Medabots started.

Medabots started.

Medabots started.

Medabots started.

Medabots started.

Medabots started.

Medabots started.

Medabots started.

Medabots started.

Medabots started.

Medabots started.

Medabots started.

Medabots started.

Medabots started.

Medabots started.

Medabots started.

Medabots started.

Medabots started.

Medabots started.

Medabots started.

Medabots started.

Medabots started.

Medabots started.

Medabots started.
0
1
2
1

Medabots started.
0
1
2
0
1
2
0
1
2
1
0
1
2
0
1
2
0
1
2
0
1
2

Medabots started.

Medabots started.

Medabots started.
0
1
2
1
2
0
1
2
0
1
2
0
1
2
0
1
2
0
1
2
0
1
2
0
1
2
0

Medabots started.
0
1
2
0
1
2
0
1
2
0
1
2
0
1
2
0
1
2
0
1
2
0
1
2
0
1
2
0
1
2
0
1
2
0

Medabots started.
Found user at: 14

Medabots started.
Found user at: 14

Medabots started.
Found user at: 14

Medabots started.
Found user at: 14

Medabots started.
Found user at: 14

Medabots started.
Found user at: 14

Medabots started.
Found user at: 14

Medabots started.
Found user at: 14

Medabots started.
Found user at: 14

Medabots started.
Found user at: 14

Medabots started.
Found user at: 14

Medabots started.
Found user at: 14

Medabots started.
Found user at: 14

Medabots started.
Found user at: 14

Medabots started.
Found user at: 14
0
2
0
1
2
0
1
0
1
0
1
2
0
1
2
0
1
2
0
1
2
1
0
2
0
1
2
0
1
2
0
